00000000 a __dldi_lma
00000000 a __end__
00000000 A __sync_synchronize
01ff8000 t __itcm_start
01ff8038 00000018 T __excpt_vectors
01ff8050 00000088 t threadReschedule
01ff80d8 000000d8 T threadBlock
01ff81b0 000000c0 T threadUnblockOneByValue
01ff8270 00000130 T threadUnblockAllByValue
01ff83a0 00000134 T threadUnblockAllByMask
01ff84d4 0000002c T armContextSave
01ff8500 00000020 T armContextLoad
01ff8504 T armContextLoadFromSvc
01ff8520 00000008 T armWaitForIrq
01ff8528 00000004 t __arm_excpt_rst
01ff852c 00000004 t __arm_excpt_pabt
01ff8530 0000000c t __arm_excpt_und
01ff853c 0000000c t __arm_excpt_dabt
01ff8548 00000030 t __excpt_entry
01ff8578 000000e4 t __arm_excpt_irq
01ff865c 0000000c T armDrainWriteBuffer
01ff8668 00000028 T armDCacheFlushAll
01ff8690 0000000c T armICacheInvalidateAll
01ff869c t __itcm_end
02001000 t __crt0_start
02001000 00000060 t __ds9_bootstub_trampoline
02001060 00000074 T crt0ProcessLoadList
020010d4 00000180 T crt0Startup
02001254 0000004c T crt0CopyMem32
020012a0 00000058 T crt0FillMem32
020012f8 000000b4 T crt0SetupMPU
020013c0 t __crt0_end
020013c0 t __main_start
020013c0 T _init
020013cc 00000022 T exit
020013f0 0000000c T main
020013fc t __do_global_dtors_aux
02001428 t frame_dummy
0200144c 0000009c T threadExit
020014e8 00000010 t _threadTickTask
020014f8 00000098 T _threadInit
02001590 000000a4 T threadPrepare
02001634 000000c8 T threadStart
020016fc 000000a0 T threadIrqWait
0200179c 00000058 T threadSleepTicks
020017f4 0000001c t _tickCountIsr
02001810 00000084 t _tickTaskSchedule.part.0.isra.0
02001894 000000a0 T tickInit
02001934 0000005c T tickGetCount
02001990 00000110 t _tickTaskIsr
02001aa0 00000144 T tickTaskStart
02001be4 00000004 t _pxiMailboxHandler
02001be8 00000004 W _pxiRecvUnhandled
02001bec 00000154 t _pxiRecvIrqHandler
02001d40 00000058 T _pxiInit
02001d98 00000074 T pxiSetHandler
02001e0c 00000068 T pxiSetMailbox
02001e74 00000038 T pxiWaitRemote
02001eac 00000050 T pxiSendPacket
02001efc 00000004 W systemUserStartup
02001f00 00000104 W systemStartup
02002004 00000064 T irqSet
02002068 000001cc t threadUpdateDynamicPrio
02002234 000001c8 t threadRemoveWaiter
020023fc 00000150 T mutexLock
0200254c 000000d0 T mutexUnlock
0200261c 00000098 T mailboxTrySend
020026b4 00000098 T mailboxRecv
0200274c 00000040 t _pmCallEventHandlers
0200278c 000000a0 t _pmPxiThreadMain
0200282c 00000028 t _pmResetPxiHandler
02002854 00000004 W systemUserExit
02002858 00000004 W systemErrorExit
0200285c 00000138 T __syscall_exit
02002994 00000058 T pmInit
020029ec 00000052 T __libc_init_array
02002a40 0000008c T memset
02002acc 0000000c W __call_exitprocs
02002ad8 0000002e T __libc_fini_array
02002b08 00000014 T _exit
02002b1c T _fini
02002b28 r __EH_FRAME_BEGIN__
02002b28 r __FRAME_END__
02002b2c r __tls_info
02002b38 d __frame_dummy_init_array_entry
02002b38 d __init_array_start
02002b38 d __preinit_array_end
02002b38 d __preinit_array_start
02002b3c d __do_global_dtors_aux_fini_array_entry
02002b3c d __fini_array_start
02002b3c d __init_array_end
02002b40 d __fini_array_end
02002b40 d __main_end
02002b40 ? __tls_end
02002b40 ? __tls_start
02002b40 b completed.1
02002b44 b object.0
02002b5c 00000008 b s_sleepThreads
02002b64 00000008 b s_joinThreads
02002b6c 00000070 b s_idleThread
02002bdc 00000070 b s_mainThread
02002c4c 00000004 b s_firstTask
02002c50 00000008 b s_highTickCount
02002c58 00000001 b s_tickInit
02002c5c 00000004 V __stacksize__
02002c60 00000001 B g_isTwlMode
02002c64 000001f0 b s_pxiChannels
02002e54 00000004 b s_pxiRecvState
02002e58 00000008 b s_pxiRecvQueue
02002e60 00000004 b s_pxiSendMutex
02002e64 00000008 b s_mailboxRecvQueue
02002e70 00000200 b s_pmPxiThreadStack
02003070 00000070 b s_pmPxiThread
020030e0 00000008 b s_pmState
020030e8 00000004 V __stdio_exit_handler
020030ec 00000004 B fake_heap_start
020030f0 00000004 B fake_heap_end
020030f4 b __heap_start_ntr
020030f4 b __main_bss_end
02003100 r __heap_start_twl
02003100 ? __twl_bss_end
02003100 ? __twl_end
02003100 ? __twl_start
02004998 a __crt0_lma
02004d58 a __itcm_lma
02004d58 a __loadlist_lma
02006b74 a __loadlist_start
02006ba4 a __loadlist_end
02400000 a __twl_lma
02400000 a __twl_loadlist_lma
02400000 a __twl_loadlist_start
0240000c a __twl_loadlist_end
02ff0000 ? __dtcm_end
02ff0000 ? __dtcm_start
02ff0000 00000080 B __irq_table
02ff0080 00000018 B __sched_state
02ff0098 b __dtcm_bss_end
02ff3e80 d __sp_usr
02ff3f80 a __sp_irq
02ff3fc0 a __sp_svc
02ff3ff8 a __irq_flags
0e000800 00000198 T __ds9_bootstub
ffff0008 a __arm_excpt_svc
